<?xml version="1.0" encoding="UTF-8"?>
<!-- Generated by org.testng.reporters.JUnitReportReporter -->
<testsuite skipped="0" hostname="LAPTOP-4FQQCFFD" name="com.mvncrm.qa.test.DummyCode" tests="1" failures="0" timestamp="07 Dec 2018 14:57:16 GMT" time="0.019" errors="0">
  <testcase name="twoDimensionalArray" time="0.019" classname="com.mvncrm.qa.test.DummyCode"/>
</testsuite> <!-- com.mvncrm.qa.test.DummyCode -->
