<?xml version="1.0" encoding="UTF-8"?>
<!-- Generated by org.testng.reporters.JUnitReportReporter -->
<testsuite skipped="0" hostname="LAPTOP-4FQQCFFD" name="com.mvncrm.qa.test.LoginTest" tests="1" failures="0" timestamp="23 Nov 2018 11:28:28 GMT" time="13.221" errors="0">
  <testcase name="verifyLoginPageTitleTest" time="13.221" classname="com.mvncrm.qa.test.LoginTest"/>
</testsuite> <!-- com.mvncrm.qa.test.LoginTest -->
