<?xml version="1.0" encoding="UTF-8"?>
<!-- Generated by org.testng.reporters.JUnitReportReporter -->
<testsuite skipped="0" hostname="LAPTOP-4FQQCFFD" name="DummyPackage.DummyCode" tests="1" failures="0" timestamp="11 Dec 2018 16:18:19 GMT" time="0.048" errors="0">
  <testcase name="preAndPostIncrement" time="0.048" classname="DummyPackage.DummyCode"/>
</testsuite> <!-- DummyPackage.DummyCode -->
