<?xml version="1.0" encoding="UTF-8"?>
<!-- Generated by org.testng.reporters.JUnitReportReporter -->
<testsuite skipped="0" hostname="LAPTOP-4FQQCFFD" name="com.mvncrm.qa.test.LoginTest" tests="2" failures="0" timestamp="22 Nov 2018 20:19:53 GMT" time="22.542" errors="0">
  <testcase name="loginWithValidCredentials" time="10.572" classname="com.mvncrm.qa.test.LoginTest"/>
  <testcase name="verifyLoginPageTitleTest" time="11.970" classname="com.mvncrm.qa.test.LoginTest"/>
</testsuite> <!-- com.mvncrm.qa.test.LoginTest -->
