<?xml version="1.0" encoding="UTF-8"?>
<!-- Generated by org.testng.reporters.JUnitReportReporter -->
<testsuite skipped="0" hostname="LAPTOP-4FQQCFFD" name="com.mvncrm.qa.test.LoginTest" tests="1" failures="0" timestamp="27 Nov 2018 20:04:58 GMT" time="15.384" errors="0">
  <testcase name="loginWithValidCredentials" time="15.384" classname="com.mvncrm.qa.test.LoginTest"/>
</testsuite> <!-- com.mvncrm.qa.test.LoginTest -->
