<?xml version="1.0" encoding="UTF-8"?>
<!-- Generated by org.testng.reporters.JUnitReportReporter -->
<testsuite skipped="0" hostname="LAPTOP-4FQQCFFD" name="com.qa.restAPI.test.RestAPIwithBDD" tests="1" failures="0" timestamp="28 Nov 2018 12:07:38 GMT" time="3.085" errors="0">
  <testcase name="testNosOfCircuits2017" time="3.085" classname="com.qa.restAPI.test.RestAPIwithBDD"/>
</testsuite> <!-- com.qa.restAPI.test.RestAPIwithBDD -->
